[Wed Feb  4 16:55:25 2026] Verifying: ['GB 2763-2021']
[Wed Feb  4 16:55:44 2026] Finished GB 2763-2021: valid
[Wed Feb  4 16:55:44 2026] Verifying: ['GB 23200.121- 2021', 'GB 23200.113- 2018']
[Wed Feb  4 16:56:03 2026] Finished GB 23200.113- 2018: invalid
[Wed Feb  4 16:56:07 2026] Finished GB 23200.121- 2021: invalid
[Fri Feb  6 16:04:27 2026] Verifying: ['GB 2763-2021']
[Fri Feb  6 16:05:23 2026] Finished GB 2763-2021: invalid
[Fri Feb  6 16:05:23 2026] Verifying: ['GB 23200.113- 2018', 'GB 23200.121- 2021']
[Fri Feb  6 16:07:32 2026] Finished GB 23200.121- 2021: invalid
[Fri Feb  6 16:07:49 2026] Finished GB 23200.113- 2018: invalid
[Fri Feb  6 16:46:10 2026] Verifying: ['GB 2763-2021']
[Fri Feb  6 16:47:35 2026] Finished GB 2763-2021: valid
[Fri Feb  6 16:47:35 2026] Verifying: ['GB 23200.113- 2018', 'GB 23200.121- 2021']
[Fri Feb  6 16:49:09 2026] Finished GB 23200.121- 2021: valid
[Fri Feb  6 16:49:12 2026] Finished GB 23200.113- 2018: valid
[Sat Feb  7 17:27:39 2026] Verifying: ['GB 2763-2021']
[Sat Feb  7 17:28:33 2026] Finished GB 2763-2021: valid
[Sat Feb  7 17:28:33 2026] Verifying: ['GB 23200.113- 2018', 'GB 23200.121- 2021']
[Sat Feb  7 17:29:04 2026] Finished GB 23200.113- 2018: obsolete
[Sat Feb  7 17:29:32 2026] Finished GB 23200.121- 2021: valid
